\BOOKMARK [1][-]{section.1}{Introduction}{}% 1
\BOOKMARK [2][-]{subsection.1.1}{Generalities}{section.1}% 2
\BOOKMARK [2][-]{subsection.1.2}{Gradient Descent}{section.1}% 3
\BOOKMARK [2][-]{subsection.1.3}{Defining Cost}{section.1}% 4
\BOOKMARK [2][-]{subsection.1.4}{Minimizing Error}{section.1}% 5
\BOOKMARK [2][-]{subsection.1.5}{Backpropagation}{section.1}% 6
\BOOKMARK [2][-]{subsection.1.6}{Local Minima/Optima and learning Rate}{section.1}% 7
\BOOKMARK [1][-]{section.2}{Creating a Neural Network}{}% 8
\BOOKMARK [2][-]{subsection.2.1}{Exemple with sine wave}{section.2}% 9
\BOOKMARK [2][-]{subsection.2.2}{Defining cost}{section.2}% 10
\BOOKMARK [2][-]{subsection.2.3}{Training Parameters}{section.2}% 11
\BOOKMARK [2][-]{subsection.2.4}{Stochastic and Mini Batch Gradient Descent}{section.2}% 12
\BOOKMARK [2][-]{subsection.2.5}{Over vs. Underfitting}{section.2}% 13
\BOOKMARK [2][-]{subsection.2.6}{Introducing Nonlinearities / Activation Function}{section.2}% 14
\BOOKMARK [2][-]{subsection.2.7}{Going Deeper}{section.2}% 15
\BOOKMARK [1][-]{section.3}{Image Inpainting}{}% 16
\BOOKMARK [2][-]{subsection.3.1}{Description}{section.3}% 17
\BOOKMARK [2][-]{subsection.3.2}{Building the Network}{section.3}% 18
\BOOKMARK [2][-]{subsection.3.3}{Training}{section.3}% 19
\BOOKMARK [1][-]{section.4}{Homework}{}% 20
\BOOKMARK [2][-]{subsection.4.1}{Goals}{section.4}% 21
\BOOKMARK [2][-]{subsection.4.2}{Part One : Fully Connected Network}{section.4}% 22
\BOOKMARK [3][-]{subsubsection.4.2.1}{Code}{subsection.4.2}% 23
\BOOKMARK [2][-]{subsection.4.3}{Part Two : Image Painting Network}{section.4}% 24
\BOOKMARK [3][-]{subsubsection.4.3.1}{Cost function}{subsection.4.3}% 25
